Arguments: 
  C:\Program Files\nodejs\node.exe C:\Users\Wei-Fan Lei\AppData\Roaming\npm\node_modules\yarn\bin\yarn.js add --dev eslint prettier @react-native-community/eslint-config--ignore-engines

PATH: 
  C:\WINDOWS\system32;C:\WINDOWS;C:\WINDOWS\System32\Wbem;C:\WINDOWS\System32\WindowsPowerShell\v1.0\;C:\WINDOWS\System32\OpenSSH\;C:\Program Files\Git\cmd;C:\composer;C:\xampp\php;C:\ProgramData\ComposerSetup\bin;C:\Program Files\nodejs\;C:\Program Files\Symfony;C:\Program Files\dotnet\;C:\Users\Wei-Fan Lei\AppData\Local\Microsoft\WindowsApps;C:\Users\Wei-Fan Lei\AppData\Local\Programs\Microsoft VS Code\bin;C:\Users\Wei-Fan Lei\AppData\Roaming\Composer\vendor\bin;C:\Users\Wei-Fan Lei\AppData\Roaming\npm;C:\Users\Wei-Fan Lei\AppData\Local\GitHubDesktop\bin;C:\Users\Wei-Fan Lei\.dotnet\tools

Yarn version: 
  1.22.17

Node version: 
  12.16.3

Platform: 
  win32 x64

Trace: 
  Error: https://registry.yarnpkg.com/@react-native-community%2feslint-config--ignore-engines: Not found
      at Request.params.callback [as _callback] (C:\Users\Wei-Fan Lei\AppData\Roaming\npm\node_modules\yarn\lib\cli.js:67029:18)
      at Request.self.callback (C:\Users\Wei-Fan Lei\AppData\Roaming\npm\node_modules\yarn\lib\cli.js:140883:22)
      at Request.emit (events.js:310:20)
      at Request.<anonymous> (C:\Users\Wei-Fan Lei\AppData\Roaming\npm\node_modules\yarn\lib\cli.js:141855:10)
      at Request.emit (events.js:310:20)
      at IncomingMessage.<anonymous> (C:\Users\Wei-Fan Lei\AppData\Roaming\npm\node_modules\yarn\lib\cli.js:141777:12)
      at Object.onceWrapper (events.js:416:28)
      at IncomingMessage.emit (events.js:322:22)
      at endReadableNT (_stream_readable.js:1187:12)
      at processTicksAndRejections (internal/process/task_queues.js:84:21)

npm manifest: 
  {
    "name": "hungry",
    "version": "1.0.0",
    "main": "node_modules/expo/AppEntry.js",
    "scripts": {
      "start": "expo start",
      "android": "expo start --android",
      "ios": "expo start --ios",
      "web": "expo start --web",
      "eject": "expo eject"
    },
    "dependencies": {
      "expo": "~44.0.0",
      "expo-status-bar": "~1.2.0",
      "react": "17.0.1",
      "react-dom": "17.0.1",
      "react-native": "0.64.3",
      "react-native-web": "0.17.1"
    },
    "devDependencies": {
      "@babel/core": "^7.12.9"
    },
    "private": true
  }

yarn manifest: 
  No manifest

Lockfile: 
  No lockfile
